2021-10-21 10:38:56,973 DEBUG scheduler Queued events for site tm
2021-10-21 10:39:57,227 DEBUG scheduler Queued events for site tm
2021-10-21 10:40:57,552 DEBUG scheduler Queued events for site tm
2021-10-21 10:40:57,597 INFO scheduler Scheduled Job Start: frappe.monitor.flush for tm
2021-10-21 10:40:57,876 INFO scheduler Scheduled Job Complete: frappe.monitor.flush for tm
2021-10-21 10:40:57,998 INFO scheduler Scheduled Job Start: frappe.utils.global_search.sync_global_search for tm
2021-10-21 10:40:58,295 INFO scheduler Scheduled Job Complete: frappe.utils.global_search.sync_global_search for tm
2021-10-21 10:40:58,431 INFO scheduler Scheduled Job Start: frappe.integrations.doctype.razorpay_settings.razorpay_settings.capture_payment for tm
2021-10-21 10:40:59,147 INFO scheduler Scheduled Job Complete: frappe.integrations.doctype.razorpay_settings.razorpay_settings.capture_payment for tm
2021-10-21 10:40:59,352 INFO scheduler Scheduled Job Start: frappe.email.doctype.email_account.email_account.notify_unreplied for tm
2021-10-21 10:40:59,937 INFO scheduler Scheduled Job Complete: frappe.email.doctype.email_account.email_account.notify_unreplied for tm
2021-10-21 10:41:00,240 INFO scheduler Scheduled Job Start: frappe.email.doctype.email_account.email_account.pull for tm
2021-10-21 10:41:00,922 INFO scheduler Scheduled Job Complete: frappe.email.doctype.email_account.email_account.pull for tm
2021-10-21 10:41:01,059 INFO scheduler Scheduled Job Start: frappe.email.queue.flush for tm
2021-10-21 10:41:01,371 INFO scheduler Scheduled Job Complete: frappe.email.queue.flush for tm
2021-10-21 10:41:57,841 DEBUG scheduler Queued events for site tm
2021-10-21 10:42:58,135 DEBUG scheduler Queued events for site tm
2021-10-21 10:43:58,450 DEBUG scheduler Queued events for site tm
2021-10-21 10:44:58,987 DEBUG scheduler Queued events for site tm
2021-10-21 10:44:59,057 INFO scheduler Scheduled Job Start: frappe.monitor.flush for tm
2021-10-21 10:44:59,473 INFO scheduler Scheduled Job Complete: frappe.monitor.flush for tm
2021-10-21 10:44:59,628 INFO scheduler Scheduled Job Start: frappe.utils.global_search.sync_global_search for tm
2021-10-21 10:44:59,995 INFO scheduler Scheduled Job Complete: frappe.utils.global_search.sync_global_search for tm
2021-10-21 10:45:00,141 INFO scheduler Scheduled Job Start: frappe.integrations.doctype.razorpay_settings.razorpay_settings.capture_payment for tm
2021-10-21 10:45:00,694 INFO scheduler Scheduled Job Complete: frappe.integrations.doctype.razorpay_settings.razorpay_settings.capture_payment for tm
2021-10-21 10:45:00,838 INFO scheduler Scheduled Job Start: frappe.email.doctype.email_account.email_account.notify_unreplied for tm
2021-10-21 10:45:01,438 INFO scheduler Scheduled Job Complete: frappe.email.doctype.email_account.email_account.notify_unreplied for tm
2021-10-21 10:45:01,618 INFO scheduler Scheduled Job Start: frappe.email.doctype.email_account.email_account.pull for tm
2021-10-21 10:45:02,288 INFO scheduler Scheduled Job Complete: frappe.email.doctype.email_account.email_account.pull for tm
2021-10-21 10:45:02,514 INFO scheduler Scheduled Job Start: frappe.email.queue.flush for tm
2021-10-21 10:45:02,987 INFO scheduler Scheduled Job Complete: frappe.email.queue.flush for tm
2021-10-21 10:45:59,924 DEBUG scheduler Queued events for site tm
2021-10-21 10:46:00,136 INFO scheduler Scheduled Job Start: frappe.twofactor.delete_all_barcodes_for_users for tm
2021-10-21 10:46:00,985 INFO scheduler Scheduled Job Complete: frappe.twofactor.delete_all_barcodes_for_users for tm
2021-10-21 10:46:01,225 INFO scheduler Scheduled Job Start: frappe.website.doctype.web_page.web_page.check_publish_status for tm
2021-10-21 10:46:02,194 INFO scheduler Scheduled Job Complete: frappe.website.doctype.web_page.web_page.check_publish_status for tm
2021-10-21 10:46:02,450 INFO scheduler Scheduled Job Start: frappe.oauth.delete_oauth2_data for tm
2021-10-21 10:46:03,286 INFO scheduler Scheduled Job Complete: frappe.oauth.delete_oauth2_data for tm
2021-10-21 10:47:00,183 DEBUG scheduler Queued events for site tm
2021-10-21 10:48:00,503 DEBUG scheduler Queued events for site tm
2021-10-21 10:48:00,556 INFO scheduler Scheduled Job Start: frappe.monitor.flush for tm
2021-10-21 10:48:00,810 INFO scheduler Scheduled Job Complete: frappe.monitor.flush for tm
2021-10-21 10:48:00,925 INFO scheduler Scheduled Job Start: frappe.utils.global_search.sync_global_search for tm
2021-10-21 10:48:01,174 INFO scheduler Scheduled Job Complete: frappe.utils.global_search.sync_global_search for tm
2021-10-21 10:48:01,320 INFO scheduler Scheduled Job Start: frappe.integrations.doctype.razorpay_settings.razorpay_settings.capture_payment for tm
2021-10-21 10:48:01,729 INFO scheduler Scheduled Job Complete: frappe.integrations.doctype.razorpay_settings.razorpay_settings.capture_payment for tm
2021-10-21 10:48:01,875 INFO scheduler Scheduled Job Start: frappe.email.doctype.email_account.email_account.notify_unreplied for tm
2021-10-21 10:48:02,189 INFO scheduler Scheduled Job Complete: frappe.email.doctype.email_account.email_account.notify_unreplied for tm
2021-10-21 10:48:02,298 INFO scheduler Scheduled Job Start: frappe.email.doctype.email_account.email_account.pull for tm
2021-10-21 10:48:02,734 INFO scheduler Scheduled Job Complete: frappe.email.doctype.email_account.email_account.pull for tm
2021-10-21 10:48:02,865 INFO scheduler Scheduled Job Start: frappe.email.queue.flush for tm
2021-10-21 10:48:03,136 INFO scheduler Scheduled Job Complete: frappe.email.queue.flush for tm
2021-10-21 10:49:00,751 DEBUG scheduler Queued events for site tm
2021-10-21 10:50:01,072 DEBUG scheduler Queued events for site tm
2021-10-21 10:51:01,341 DEBUG scheduler Queued events for site tm
2021-10-21 10:52:01,626 DEBUG scheduler Queued events for site tm
2021-10-21 10:52:01,663 INFO scheduler Scheduled Job Start: frappe.monitor.flush for tm
2021-10-21 10:52:01,878 INFO scheduler Scheduled Job Complete: frappe.monitor.flush for tm
2021-10-21 10:52:01,991 INFO scheduler Scheduled Job Start: frappe.utils.global_search.sync_global_search for tm
2021-10-21 10:52:02,252 INFO scheduler Scheduled Job Complete: frappe.utils.global_search.sync_global_search for tm
2021-10-21 10:52:02,368 INFO scheduler Scheduled Job Start: frappe.integrations.doctype.razorpay_settings.razorpay_settings.capture_payment for tm
2021-10-21 10:52:02,744 INFO scheduler Scheduled Job Complete: frappe.integrations.doctype.razorpay_settings.razorpay_settings.capture_payment for tm
2021-10-21 10:52:02,906 INFO scheduler Scheduled Job Start: frappe.email.doctype.email_account.email_account.notify_unreplied for tm
2021-10-21 10:52:03,326 INFO scheduler Scheduled Job Complete: frappe.email.doctype.email_account.email_account.notify_unreplied for tm
2021-10-21 10:52:03,460 INFO scheduler Scheduled Job Start: frappe.email.doctype.email_account.email_account.pull for tm
2021-10-21 10:52:03,916 INFO scheduler Scheduled Job Complete: frappe.email.doctype.email_account.email_account.pull for tm
2021-10-21 10:52:04,073 INFO scheduler Scheduled Job Start: frappe.email.queue.flush for tm
2021-10-21 10:52:04,434 INFO scheduler Scheduled Job Complete: frappe.email.queue.flush for tm
2021-10-21 10:53:01,904 DEBUG scheduler Queued events for site tm
2021-10-21 10:54:02,193 DEBUG scheduler Queued events for site tm
2021-10-21 10:55:02,482 DEBUG scheduler Queued events for site tm
2021-10-21 10:56:02,858 DEBUG scheduler Queued events for site tm
2021-10-21 10:56:02,900 INFO scheduler Scheduled Job Start: frappe.monitor.flush for tm
2021-10-21 10:56:03,280 INFO scheduler Scheduled Job Complete: frappe.monitor.flush for tm
2021-10-21 10:56:03,454 INFO scheduler Scheduled Job Start: frappe.utils.global_search.sync_global_search for tm
2021-10-21 10:56:03,846 INFO scheduler Scheduled Job Complete: frappe.utils.global_search.sync_global_search for tm
2021-10-21 10:56:03,995 INFO scheduler Scheduled Job Start: frappe.integrations.doctype.razorpay_settings.razorpay_settings.capture_payment for tm
2021-10-21 10:56:04,648 INFO scheduler Scheduled Job Complete: frappe.integrations.doctype.razorpay_settings.razorpay_settings.capture_payment for tm
2021-10-21 10:56:04,801 INFO scheduler Scheduled Job Start: frappe.email.doctype.email_account.email_account.notify_unreplied for tm
2021-10-21 10:56:05,296 INFO scheduler Scheduled Job Complete: frappe.email.doctype.email_account.email_account.notify_unreplied for tm
2021-10-21 10:56:05,482 INFO scheduler Scheduled Job Start: frappe.email.doctype.email_account.email_account.pull for tm
2021-10-21 10:56:06,024 INFO scheduler Scheduled Job Complete: frappe.email.doctype.email_account.email_account.pull for tm
2021-10-21 10:56:06,198 INFO scheduler Scheduled Job Start: frappe.email.queue.flush for tm
2021-10-21 10:56:06,614 INFO scheduler Scheduled Job Complete: frappe.email.queue.flush for tm
2021-10-21 10:57:03,093 DEBUG scheduler Queued events for site tm
2021-10-21 10:58:03,348 DEBUG scheduler Queued events for site tm
2021-10-21 10:59:03,570 DEBUG scheduler Queued events for site tm
2021-10-21 11:00:03,890 INFO scheduler Scheduled Job Start: frappe.email.doctype.newsletter.newsletter.send_scheduled_email for tm
2021-10-21 11:00:04,013 DEBUG scheduler Queued events for site tm
2021-10-21 11:00:04,362 INFO scheduler Scheduled Job Complete: frappe.email.doctype.newsletter.newsletter.send_scheduled_email for tm
2021-10-21 11:00:04,490 INFO scheduler Scheduled Job Start: frappe.integrations.doctype.google_calendar.google_calendar.sync for tm
2021-10-21 11:00:05,027 INFO scheduler Scheduled Job Complete: frappe.integrations.doctype.google_calendar.google_calendar.sync for tm
2021-10-21 11:00:05,178 INFO scheduler Scheduled Job Start: frappe.desk.form.document_follow.send_hourly_updates for tm
2021-10-21 11:00:05,542 INFO scheduler Scheduled Job Complete: frappe.desk.form.document_follow.send_hourly_updates for tm
2021-10-21 11:00:05,678 INFO scheduler Scheduled Job Start: frappe.deferred_insert.save_to_db for tm
2021-10-21 11:00:06,190 INFO scheduler Scheduled Job Complete: frappe.deferred_insert.save_to_db for tm
2021-10-21 11:00:06,306 INFO scheduler Scheduled Job Start: frappe.desk.page.backups.backups.delete_downloadable_backups for tm
2021-10-21 11:00:06,691 INFO scheduler Scheduled Job Complete: frappe.desk.page.backups.backups.delete_downloadable_backups for tm
2021-10-21 11:00:06,823 INFO scheduler Scheduled Job Start: frappe.utils.error.collect_error_snapshots for tm
2021-10-21 11:00:07,183 INFO scheduler Scheduled Job Complete: frappe.utils.error.collect_error_snapshots for tm
2021-10-21 11:00:07,305 INFO scheduler Scheduled Job Start: frappe.model.utils.user_settings.sync_user_settings for tm
2021-10-21 11:00:07,667 INFO scheduler Scheduled Job Complete: frappe.model.utils.user_settings.sync_user_settings for tm
2021-10-21 11:00:07,786 INFO scheduler Scheduled Job Start: frappe.model.utils.link_count.update_link_count for tm
2021-10-21 11:00:08,147 INFO scheduler Scheduled Job Complete: frappe.model.utils.link_count.update_link_count for tm
2021-10-21 11:00:08,265 INFO scheduler Scheduled Job Start: frappe.monitor.flush for tm
2021-10-21 11:00:08,528 INFO scheduler Scheduled Job Complete: frappe.monitor.flush for tm
2021-10-21 11:00:08,634 INFO scheduler Scheduled Job Start: frappe.utils.global_search.sync_global_search for tm
2021-10-21 11:00:08,865 INFO scheduler Scheduled Job Complete: frappe.utils.global_search.sync_global_search for tm
2021-10-21 11:00:08,979 INFO scheduler Scheduled Job Start: frappe.integrations.doctype.razorpay_settings.razorpay_settings.capture_payment for tm
2021-10-21 11:00:09,339 INFO scheduler Scheduled Job Complete: frappe.integrations.doctype.razorpay_settings.razorpay_settings.capture_payment for tm
2021-10-21 11:00:09,444 INFO scheduler Scheduled Job Start: frappe.email.doctype.email_account.email_account.notify_unreplied for tm
2021-10-21 11:00:09,751 INFO scheduler Scheduled Job Complete: frappe.email.doctype.email_account.email_account.notify_unreplied for tm
2021-10-21 11:00:09,854 INFO scheduler Scheduled Job Start: frappe.email.doctype.email_account.email_account.pull for tm
2021-10-21 11:00:10,177 INFO scheduler Scheduled Job Complete: frappe.email.doctype.email_account.email_account.pull for tm
2021-10-21 11:00:10,281 INFO scheduler Scheduled Job Start: frappe.email.queue.flush for tm
2021-10-21 11:00:10,586 INFO scheduler Scheduled Job Complete: frappe.email.queue.flush for tm
2021-10-21 11:00:10,688 INFO scheduler Scheduled Job Start: frappe.twofactor.delete_all_barcodes_for_users for tm
2021-10-21 11:00:11,076 INFO scheduler Scheduled Job Complete: frappe.twofactor.delete_all_barcodes_for_users for tm
2021-10-21 11:00:11,191 INFO scheduler Scheduled Job Start: frappe.website.doctype.web_page.web_page.check_publish_status for tm
2021-10-21 11:00:11,616 INFO scheduler Scheduled Job Complete: frappe.website.doctype.web_page.web_page.check_publish_status for tm
2021-10-21 11:00:11,737 INFO scheduler Scheduled Job Start: frappe.oauth.delete_oauth2_data for tm
2021-10-21 11:00:12,117 INFO scheduler Scheduled Job Complete: frappe.oauth.delete_oauth2_data for tm
2021-10-21 11:01:04,259 DEBUG scheduler Queued events for site tm
2021-10-21 11:02:04,549 DEBUG scheduler Queued events for site tm
2021-10-21 11:03:04,795 DEBUG scheduler Queued events for site tm
2021-10-21 11:04:05,173 DEBUG scheduler Queued events for site tm
2021-10-21 11:04:05,211 INFO scheduler Scheduled Job Start: frappe.monitor.flush for tm
2021-10-21 11:04:05,504 INFO scheduler Scheduled Job Complete: frappe.monitor.flush for tm
2021-10-21 11:04:05,621 INFO scheduler Scheduled Job Start: frappe.utils.global_search.sync_global_search for tm
2021-10-21 11:04:05,872 INFO scheduler Scheduled Job Complete: frappe.utils.global_search.sync_global_search for tm
2021-10-21 11:04:06,031 INFO scheduler Scheduled Job Start: frappe.integrations.doctype.razorpay_settings.razorpay_settings.capture_payment for tm
2021-10-21 11:04:06,431 INFO scheduler Scheduled Job Complete: frappe.integrations.doctype.razorpay_settings.razorpay_settings.capture_payment for tm
2021-10-21 11:04:06,585 INFO scheduler Scheduled Job Start: frappe.email.doctype.email_account.email_account.notify_unreplied for tm
2021-10-21 11:04:06,984 INFO scheduler Scheduled Job Complete: frappe.email.doctype.email_account.email_account.notify_unreplied for tm
2021-10-21 11:04:07,106 INFO scheduler Scheduled Job Start: frappe.email.doctype.email_account.email_account.pull for tm
2021-10-21 11:04:07,477 INFO scheduler Scheduled Job Complete: frappe.email.doctype.email_account.email_account.pull for tm
2021-10-21 11:04:07,616 INFO scheduler Scheduled Job Start: frappe.email.queue.flush for tm
2021-10-21 11:04:08,019 INFO scheduler Scheduled Job Complete: frappe.email.queue.flush for tm
2021-10-21 11:05:05,431 DEBUG scheduler Queued events for site tm
2021-10-21 11:06:05,667 DEBUG scheduler Queued events for site tm
2021-10-21 11:07:05,883 DEBUG scheduler Queued events for site tm
2021-10-21 11:08:06,163 DEBUG scheduler Queued events for site tm
2021-10-21 11:08:06,203 INFO scheduler Scheduled Job Start: frappe.monitor.flush for tm
2021-10-21 11:08:06,756 INFO scheduler Scheduled Job Complete: frappe.monitor.flush for tm
2021-10-21 11:08:06,863 INFO scheduler Scheduled Job Start: frappe.utils.global_search.sync_global_search for tm
2021-10-21 11:08:07,968 INFO scheduler Scheduled Job Complete: frappe.utils.global_search.sync_global_search for tm
2021-10-21 11:08:08,075 INFO scheduler Scheduled Job Start: frappe.integrations.doctype.razorpay_settings.razorpay_settings.capture_payment for tm
2021-10-21 11:08:09,399 INFO scheduler Scheduled Job Complete: frappe.integrations.doctype.razorpay_settings.razorpay_settings.capture_payment for tm
2021-10-21 11:08:09,501 INFO scheduler Scheduled Job Start: frappe.email.doctype.email_account.email_account.notify_unreplied for tm
2021-10-21 11:08:10,203 INFO scheduler Scheduled Job Complete: frappe.email.doctype.email_account.email_account.notify_unreplied for tm
2021-10-21 11:08:10,313 INFO scheduler Scheduled Job Start: frappe.email.doctype.email_account.email_account.pull for tm
2021-10-21 11:08:10,919 INFO scheduler Scheduled Job Complete: frappe.email.doctype.email_account.email_account.pull for tm
2021-10-21 11:08:11,024 INFO scheduler Scheduled Job Start: frappe.email.queue.flush for tm
2021-10-21 11:08:11,386 INFO scheduler Scheduled Job Complete: frappe.email.queue.flush for tm
2021-10-21 11:09:06,423 DEBUG scheduler Queued events for site tm
2021-10-21 11:10:06,641 DEBUG scheduler Queued events for site tm
2021-10-21 11:11:06,865 DEBUG scheduler Queued events for site tm
2021-10-21 11:12:07,145 DEBUG scheduler Queued events for site tm
2021-10-21 11:12:07,185 INFO scheduler Scheduled Job Start: frappe.monitor.flush for tm
2021-10-21 11:12:07,533 INFO scheduler Scheduled Job Complete: frappe.monitor.flush for tm
2021-10-21 11:12:07,636 INFO scheduler Scheduled Job Start: frappe.utils.global_search.sync_global_search for tm
2021-10-21 11:12:07,977 INFO scheduler Scheduled Job Complete: frappe.utils.global_search.sync_global_search for tm
2021-10-21 11:12:08,079 INFO scheduler Scheduled Job Start: frappe.integrations.doctype.razorpay_settings.razorpay_settings.capture_payment for tm
2021-10-21 11:12:08,947 INFO scheduler Scheduled Job Complete: frappe.integrations.doctype.razorpay_settings.razorpay_settings.capture_payment for tm
2021-10-21 11:12:09,055 INFO scheduler Scheduled Job Start: frappe.email.doctype.email_account.email_account.notify_unreplied for tm
2021-10-21 11:12:09,692 INFO scheduler Scheduled Job Complete: frappe.email.doctype.email_account.email_account.notify_unreplied for tm
2021-10-21 11:12:09,794 INFO scheduler Scheduled Job Start: frappe.email.doctype.email_account.email_account.pull for tm
2021-10-21 11:12:10,229 INFO scheduler Scheduled Job Complete: frappe.email.doctype.email_account.email_account.pull for tm
2021-10-21 11:12:10,340 INFO scheduler Scheduled Job Start: frappe.email.queue.flush for tm
2021-10-21 11:12:11,065 INFO scheduler Scheduled Job Complete: frappe.email.queue.flush for tm
2021-10-21 11:13:07,378 DEBUG scheduler Queued events for site tm
2021-10-21 11:14:07,601 DEBUG scheduler Queued events for site tm
2021-10-21 11:15:07,873 DEBUG scheduler Queued events for site tm
2021-10-21 11:15:07,965 INFO scheduler Scheduled Job Start: frappe.twofactor.delete_all_barcodes_for_users for tm
2021-10-21 11:15:09,123 INFO scheduler Scheduled Job Complete: frappe.twofactor.delete_all_barcodes_for_users for tm
2021-10-21 11:15:09,469 INFO scheduler Scheduled Job Start: frappe.website.doctype.web_page.web_page.check_publish_status for tm
2021-10-21 11:15:10,640 INFO scheduler Scheduled Job Complete: frappe.website.doctype.web_page.web_page.check_publish_status for tm
2021-10-21 11:15:11,407 INFO scheduler Scheduled Job Start: frappe.oauth.delete_oauth2_data for tm
2021-10-21 11:15:15,501 INFO scheduler Scheduled Job Complete: frappe.oauth.delete_oauth2_data for tm
2021-10-21 11:16:08,254 DEBUG scheduler Queued events for site tm
2021-10-21 11:16:08,309 INFO scheduler Scheduled Job Start: frappe.monitor.flush for tm
2021-10-21 11:16:08,788 INFO scheduler Scheduled Job Complete: frappe.monitor.flush for tm
2021-10-21 11:16:08,910 INFO scheduler Scheduled Job Start: frappe.utils.global_search.sync_global_search for tm
2021-10-21 11:16:09,277 INFO scheduler Scheduled Job Complete: frappe.utils.global_search.sync_global_search for tm
2021-10-21 11:16:09,387 INFO scheduler Scheduled Job Start: frappe.integrations.doctype.razorpay_settings.razorpay_settings.capture_payment for tm
2021-10-21 11:16:10,082 INFO scheduler Scheduled Job Complete: frappe.integrations.doctype.razorpay_settings.razorpay_settings.capture_payment for tm
2021-10-21 11:16:10,192 INFO scheduler Scheduled Job Start: frappe.email.doctype.email_account.email_account.notify_unreplied for tm
2021-10-21 11:16:10,649 INFO scheduler Scheduled Job Complete: frappe.email.doctype.email_account.email_account.notify_unreplied for tm
2021-10-21 11:16:10,757 INFO scheduler Scheduled Job Start: frappe.email.doctype.email_account.email_account.pull for tm
2021-10-21 11:16:11,231 INFO scheduler Scheduled Job Complete: frappe.email.doctype.email_account.email_account.pull for tm
2021-10-21 11:16:11,347 INFO scheduler Scheduled Job Start: frappe.email.queue.flush for tm
2021-10-21 11:16:12,008 INFO scheduler Scheduled Job Complete: frappe.email.queue.flush for tm
2021-10-21 11:17:08,494 DEBUG scheduler Queued events for site tm
2021-10-21 11:18:08,718 DEBUG scheduler Queued events for site tm
2021-10-21 11:19:08,944 DEBUG scheduler Queued events for site tm
2021-10-21 11:20:09,228 DEBUG scheduler Queued events for site tm
2021-10-21 11:20:09,268 INFO scheduler Scheduled Job Start: frappe.monitor.flush for tm
2021-10-21 11:20:09,510 INFO scheduler Scheduled Job Complete: frappe.monitor.flush for tm
2021-10-21 11:20:09,615 INFO scheduler Scheduled Job Start: frappe.utils.global_search.sync_global_search for tm
2021-10-21 11:20:09,821 INFO scheduler Scheduled Job Complete: frappe.utils.global_search.sync_global_search for tm
2021-10-21 11:20:09,924 INFO scheduler Scheduled Job Start: frappe.integrations.doctype.razorpay_settings.razorpay_settings.capture_payment for tm
2021-10-21 11:20:10,322 INFO scheduler Scheduled Job Complete: frappe.integrations.doctype.razorpay_settings.razorpay_settings.capture_payment for tm
2021-10-21 11:20:10,427 INFO scheduler Scheduled Job Start: frappe.email.doctype.email_account.email_account.notify_unreplied for tm
2021-10-21 11:20:10,739 INFO scheduler Scheduled Job Complete: frappe.email.doctype.email_account.email_account.notify_unreplied for tm
2021-10-21 11:20:10,853 INFO scheduler Scheduled Job Start: frappe.email.doctype.email_account.email_account.pull for tm
2021-10-21 11:20:11,184 INFO scheduler Scheduled Job Complete: frappe.email.doctype.email_account.email_account.pull for tm
2021-10-21 11:20:11,289 INFO scheduler Scheduled Job Start: frappe.email.queue.flush for tm
2021-10-21 11:20:11,556 INFO scheduler Scheduled Job Complete: frappe.email.queue.flush for tm
2021-10-21 11:21:09,459 DEBUG scheduler Queued events for site tm
2021-10-21 11:22:09,675 DEBUG scheduler Queued events for site tm
2021-10-21 11:23:10,073 DEBUG scheduler Queued events for site tm
2021-10-21 11:24:10,523 DEBUG scheduler Queued events for site tm
2021-10-21 11:24:10,559 INFO scheduler Scheduled Job Start: frappe.monitor.flush for tm
2021-10-21 11:24:10,791 INFO scheduler Scheduled Job Complete: frappe.monitor.flush for tm
2021-10-21 11:24:10,962 INFO scheduler Scheduled Job Start: frappe.utils.global_search.sync_global_search for tm
2021-10-21 11:24:11,207 INFO scheduler Scheduled Job Complete: frappe.utils.global_search.sync_global_search for tm
2021-10-21 11:24:11,310 INFO scheduler Scheduled Job Start: frappe.integrations.doctype.razorpay_settings.razorpay_settings.capture_payment for tm
2021-10-21 11:24:11,668 INFO scheduler Scheduled Job Complete: frappe.integrations.doctype.razorpay_settings.razorpay_settings.capture_payment for tm
2021-10-21 11:24:11,775 INFO scheduler Scheduled Job Start: frappe.email.doctype.email_account.email_account.notify_unreplied for tm
2021-10-21 11:24:12,047 INFO scheduler Scheduled Job Complete: frappe.email.doctype.email_account.email_account.notify_unreplied for tm
2021-10-21 11:24:12,150 INFO scheduler Scheduled Job Start: frappe.email.doctype.email_account.email_account.pull for tm
2021-10-21 11:24:12,491 INFO scheduler Scheduled Job Complete: frappe.email.doctype.email_account.email_account.pull for tm
2021-10-21 11:24:12,588 INFO scheduler Scheduled Job Start: frappe.email.queue.flush for tm
2021-10-21 11:24:12,868 INFO scheduler Scheduled Job Complete: frappe.email.queue.flush for tm
2021-10-21 11:25:11,007 DEBUG scheduler Queued events for site tm
2021-10-21 11:26:22,505 DEBUG scheduler Queued events for site tm
2021-10-21 14:57:04,251 INFO scheduler Scheduled Job Start: frappe.email.doctype.newsletter.newsletter.send_scheduled_email for tm
2021-10-21 14:57:04,555 DEBUG scheduler Queued events for site tm
2021-10-21 14:57:08,472 INFO scheduler Scheduled Job Complete: frappe.email.doctype.newsletter.newsletter.send_scheduled_email for tm
2021-10-21 14:57:11,814 INFO scheduler Scheduled Job Start: frappe.integrations.doctype.google_calendar.google_calendar.sync for tm
2021-10-21 14:57:15,255 INFO scheduler Scheduled Job Complete: frappe.integrations.doctype.google_calendar.google_calendar.sync for tm
2021-10-21 14:57:15,860 INFO scheduler Scheduled Job Start: frappe.desk.form.document_follow.send_hourly_updates for tm
2021-10-21 14:57:18,197 INFO scheduler Scheduled Job Complete: frappe.desk.form.document_follow.send_hourly_updates for tm
2021-10-21 14:57:18,936 INFO scheduler Scheduled Job Start: frappe.deferred_insert.save_to_db for tm
2021-10-21 14:57:21,411 INFO scheduler Scheduled Job Complete: frappe.deferred_insert.save_to_db for tm
2021-10-21 14:57:22,107 INFO scheduler Scheduled Job Start: frappe.desk.page.backups.backups.delete_downloadable_backups for tm
2021-10-21 14:57:24,500 INFO scheduler Scheduled Job Complete: frappe.desk.page.backups.backups.delete_downloadable_backups for tm
2021-10-21 14:57:25,203 INFO scheduler Scheduled Job Start: frappe.utils.error.collect_error_snapshots for tm
2021-10-21 14:57:27,027 INFO scheduler Scheduled Job Complete: frappe.utils.error.collect_error_snapshots for tm
2021-10-21 14:57:27,645 INFO scheduler Scheduled Job Start: frappe.model.utils.user_settings.sync_user_settings for tm
2021-10-21 14:57:29,645 INFO scheduler Scheduled Job Complete: frappe.model.utils.user_settings.sync_user_settings for tm
2021-10-21 14:57:30,275 INFO scheduler Scheduled Job Start: frappe.model.utils.link_count.update_link_count for tm
2021-10-21 14:57:32,450 INFO scheduler Scheduled Job Complete: frappe.model.utils.link_count.update_link_count for tm
2021-10-21 14:57:32,978 INFO scheduler Scheduled Job Start: frappe.monitor.flush for tm
2021-10-21 14:57:34,131 INFO scheduler Scheduled Job Complete: frappe.monitor.flush for tm
2021-10-21 14:57:34,556 INFO scheduler Scheduled Job Start: frappe.utils.global_search.sync_global_search for tm
2021-10-21 14:57:36,709 INFO scheduler Scheduled Job Complete: frappe.utils.global_search.sync_global_search for tm
2021-10-21 14:57:37,104 INFO scheduler Scheduled Job Start: frappe.integrations.doctype.razorpay_settings.razorpay_settings.capture_payment for tm
2021-10-21 14:57:39,416 INFO scheduler Scheduled Job Complete: frappe.integrations.doctype.razorpay_settings.razorpay_settings.capture_payment for tm
2021-10-21 14:57:39,979 INFO scheduler Scheduled Job Start: frappe.email.doctype.email_account.email_account.notify_unreplied for tm
2021-10-21 14:57:41,501 INFO scheduler Scheduled Job Complete: frappe.email.doctype.email_account.email_account.notify_unreplied for tm
2021-10-21 14:57:41,962 INFO scheduler Scheduled Job Start: frappe.email.doctype.email_account.email_account.pull for tm
2021-10-21 14:57:43,636 INFO scheduler Scheduled Job Complete: frappe.email.doctype.email_account.email_account.pull for tm
2021-10-21 14:57:44,102 INFO scheduler Scheduled Job Start: frappe.email.queue.flush for tm
2021-10-21 14:57:45,297 INFO scheduler Scheduled Job Complete: frappe.email.queue.flush for tm
2021-10-21 14:57:45,712 INFO scheduler Scheduled Job Start: frappe.twofactor.delete_all_barcodes_for_users for tm
2021-10-21 14:57:47,875 INFO scheduler Scheduled Job Complete: frappe.twofactor.delete_all_barcodes_for_users for tm
2021-10-21 14:57:48,347 INFO scheduler Scheduled Job Start: frappe.website.doctype.web_page.web_page.check_publish_status for tm
2021-10-21 14:57:50,672 INFO scheduler Scheduled Job Complete: frappe.website.doctype.web_page.web_page.check_publish_status for tm
2021-10-21 14:57:51,192 INFO scheduler Scheduled Job Start: frappe.oauth.delete_oauth2_data for tm
2021-10-21 14:57:53,246 INFO scheduler Scheduled Job Complete: frappe.oauth.delete_oauth2_data for tm
2021-10-21 14:58:05,307 DEBUG scheduler Queued events for site tm
2021-10-21 14:59:05,581 DEBUG scheduler Queued events for site tm
2021-10-21 15:00:06,391 INFO scheduler Scheduled Job Start: frappe.email.doctype.newsletter.newsletter.send_scheduled_email for tm
2021-10-21 15:00:06,655 DEBUG scheduler Queued events for site tm
2021-10-21 15:00:07,328 INFO scheduler Scheduled Job Complete: frappe.email.doctype.newsletter.newsletter.send_scheduled_email for tm
2021-10-21 15:00:07,461 INFO scheduler Scheduled Job Start: frappe.integrations.doctype.google_calendar.google_calendar.sync for tm
2021-10-21 15:00:08,142 INFO scheduler Scheduled Job Complete: frappe.integrations.doctype.google_calendar.google_calendar.sync for tm
2021-10-21 15:00:08,314 INFO scheduler Scheduled Job Start: frappe.desk.form.document_follow.send_hourly_updates for tm
2021-10-21 15:00:08,778 INFO scheduler Scheduled Job Complete: frappe.desk.form.document_follow.send_hourly_updates for tm
2021-10-21 15:00:08,927 INFO scheduler Scheduled Job Start: frappe.deferred_insert.save_to_db for tm
2021-10-21 15:00:09,364 INFO scheduler Scheduled Job Complete: frappe.deferred_insert.save_to_db for tm
2021-10-21 15:00:09,484 INFO scheduler Scheduled Job Start: frappe.desk.page.backups.backups.delete_downloadable_backups for tm
2021-10-21 15:00:10,139 INFO scheduler Scheduled Job Complete: frappe.desk.page.backups.backups.delete_downloadable_backups for tm
2021-10-21 15:00:10,393 INFO scheduler Scheduled Job Start: frappe.utils.error.collect_error_snapshots for tm
2021-10-21 15:00:11,032 INFO scheduler Scheduled Job Complete: frappe.utils.error.collect_error_snapshots for tm
2021-10-21 15:00:11,406 INFO scheduler Scheduled Job Start: frappe.model.utils.user_settings.sync_user_settings for tm
2021-10-21 15:00:12,393 INFO scheduler Scheduled Job Complete: frappe.model.utils.user_settings.sync_user_settings for tm
2021-10-21 15:00:12,549 INFO scheduler Scheduled Job Start: frappe.model.utils.link_count.update_link_count for tm
2021-10-21 15:00:13,098 INFO scheduler Scheduled Job Complete: frappe.model.utils.link_count.update_link_count for tm
2021-10-21 15:00:13,274 INFO scheduler Scheduled Job Start: frappe.monitor.flush for tm
2021-10-21 15:00:13,558 INFO scheduler Scheduled Job Complete: frappe.monitor.flush for tm
2021-10-21 15:00:13,755 INFO scheduler Scheduled Job Start: frappe.utils.global_search.sync_global_search for tm
2021-10-21 15:00:14,084 INFO scheduler Scheduled Job Complete: frappe.utils.global_search.sync_global_search for tm
2021-10-21 15:00:14,208 INFO scheduler Scheduled Job Start: frappe.integrations.doctype.razorpay_settings.razorpay_settings.capture_payment for tm
2021-10-21 15:00:14,721 INFO scheduler Scheduled Job Complete: frappe.integrations.doctype.razorpay_settings.razorpay_settings.capture_payment for tm
2021-10-21 15:00:14,889 INFO scheduler Scheduled Job Start: frappe.email.doctype.email_account.email_account.notify_unreplied for tm
2021-10-21 15:00:15,239 INFO scheduler Scheduled Job Complete: frappe.email.doctype.email_account.email_account.notify_unreplied for tm
2021-10-21 15:00:15,355 INFO scheduler Scheduled Job Start: frappe.email.doctype.email_account.email_account.pull for tm
2021-10-21 15:00:15,740 INFO scheduler Scheduled Job Complete: frappe.email.doctype.email_account.email_account.pull for tm
2021-10-21 15:00:15,873 INFO scheduler Scheduled Job Start: frappe.email.queue.flush for tm
2021-10-21 15:00:16,175 INFO scheduler Scheduled Job Complete: frappe.email.queue.flush for tm
2021-10-21 15:00:16,316 INFO scheduler Scheduled Job Start: frappe.twofactor.delete_all_barcodes_for_users for tm
2021-10-21 15:00:17,147 INFO scheduler Scheduled Job Complete: frappe.twofactor.delete_all_barcodes_for_users for tm
2021-10-21 15:00:17,317 INFO scheduler Scheduled Job Start: frappe.website.doctype.web_page.web_page.check_publish_status for tm
2021-10-21 15:00:17,760 INFO scheduler Scheduled Job Complete: frappe.website.doctype.web_page.web_page.check_publish_status for tm
2021-10-21 15:00:17,898 INFO scheduler Scheduled Job Start: frappe.oauth.delete_oauth2_data for tm
2021-10-21 15:00:18,341 INFO scheduler Scheduled Job Complete: frappe.oauth.delete_oauth2_data for tm
2021-10-21 15:01:06,950 DEBUG scheduler Queued events for site tm
2021-10-21 15:02:07,308 DEBUG scheduler Queued events for site tm
2021-10-21 15:03:07,533 DEBUG scheduler Queued events for site tm
2021-10-21 15:04:07,827 DEBUG scheduler Queued events for site tm
2021-10-21 15:04:07,874 INFO scheduler Scheduled Job Start: frappe.monitor.flush for tm
2021-10-21 15:04:08,121 INFO scheduler Scheduled Job Complete: frappe.monitor.flush for tm
2021-10-21 15:04:08,239 INFO scheduler Scheduled Job Start: frappe.utils.global_search.sync_global_search for tm
2021-10-21 15:04:08,451 INFO scheduler Scheduled Job Complete: frappe.utils.global_search.sync_global_search for tm
2021-10-21 15:04:08,557 INFO scheduler Scheduled Job Start: frappe.integrations.doctype.razorpay_settings.razorpay_settings.capture_payment for tm
2021-10-21 15:04:08,921 INFO scheduler Scheduled Job Complete: frappe.integrations.doctype.razorpay_settings.razorpay_settings.capture_payment for tm
2021-10-21 15:04:09,042 INFO scheduler Scheduled Job Start: frappe.email.doctype.email_account.email_account.notify_unreplied for tm
2021-10-21 15:04:09,348 INFO scheduler Scheduled Job Complete: frappe.email.doctype.email_account.email_account.notify_unreplied for tm
2021-10-21 15:04:09,462 INFO scheduler Scheduled Job Start: frappe.email.doctype.email_account.email_account.pull for tm
2021-10-21 15:04:09,787 INFO scheduler Scheduled Job Complete: frappe.email.doctype.email_account.email_account.pull for tm
2021-10-21 15:04:09,904 INFO scheduler Scheduled Job Start: frappe.email.queue.flush for tm
2021-10-21 15:04:10,160 INFO scheduler Scheduled Job Complete: frappe.email.queue.flush for tm
2021-10-21 15:05:08,166 DEBUG scheduler Queued events for site tm
2021-10-21 15:06:08,402 DEBUG scheduler Queued events for site tm
2021-10-21 15:07:08,626 DEBUG scheduler Queued events for site tm
2021-10-21 15:08:08,916 DEBUG scheduler Queued events for site tm
2021-10-21 15:08:08,952 INFO scheduler Scheduled Job Start: frappe.monitor.flush for tm
2021-10-21 15:08:09,156 INFO scheduler Scheduled Job Complete: frappe.monitor.flush for tm
2021-10-21 15:08:09,254 INFO scheduler Scheduled Job Start: frappe.utils.global_search.sync_global_search for tm
2021-10-21 15:08:09,496 INFO scheduler Scheduled Job Complete: frappe.utils.global_search.sync_global_search for tm
2021-10-21 15:08:09,593 INFO scheduler Scheduled Job Start: frappe.integrations.doctype.razorpay_settings.razorpay_settings.capture_payment for tm
2021-10-21 15:08:09,941 INFO scheduler Scheduled Job Complete: frappe.integrations.doctype.razorpay_settings.razorpay_settings.capture_payment for tm
2021-10-21 15:08:10,041 INFO scheduler Scheduled Job Start: frappe.email.doctype.email_account.email_account.notify_unreplied for tm
2021-10-21 15:08:10,319 INFO scheduler Scheduled Job Complete: frappe.email.doctype.email_account.email_account.notify_unreplied for tm
2021-10-21 15:08:10,432 INFO scheduler Scheduled Job Start: frappe.email.doctype.email_account.email_account.pull for tm
2021-10-21 15:08:10,785 INFO scheduler Scheduled Job Complete: frappe.email.doctype.email_account.email_account.pull for tm
2021-10-21 15:08:10,887 INFO scheduler Scheduled Job Start: frappe.email.queue.flush for tm
2021-10-21 15:08:11,120 INFO scheduler Scheduled Job Complete: frappe.email.queue.flush for tm
2021-10-21 15:09:09,172 DEBUG scheduler Queued events for site tm
2021-10-21 15:10:09,410 DEBUG scheduler Queued events for site tm
2021-10-21 15:11:09,643 DEBUG scheduler Queued events for site tm
2021-10-21 15:12:09,929 DEBUG scheduler Queued events for site tm
2021-10-21 15:12:09,969 INFO scheduler Scheduled Job Start: frappe.monitor.flush for tm
2021-10-21 15:12:10,271 INFO scheduler Scheduled Job Complete: frappe.monitor.flush for tm
2021-10-21 15:12:10,398 INFO scheduler Scheduled Job Start: frappe.utils.global_search.sync_global_search for tm
2021-10-21 15:12:10,688 INFO scheduler Scheduled Job Complete: frappe.utils.global_search.sync_global_search for tm
2021-10-21 15:12:10,797 INFO scheduler Scheduled Job Start: frappe.integrations.doctype.razorpay_settings.razorpay_settings.capture_payment for tm
2021-10-21 15:12:11,169 INFO scheduler Scheduled Job Complete: frappe.integrations.doctype.razorpay_settings.razorpay_settings.capture_payment for tm
2021-10-21 15:12:11,278 INFO scheduler Scheduled Job Start: frappe.email.doctype.email_account.email_account.notify_unreplied for tm
2021-10-21 15:12:11,588 INFO scheduler Scheduled Job Complete: frappe.email.doctype.email_account.email_account.notify_unreplied for tm
2021-10-21 15:12:11,693 INFO scheduler Scheduled Job Start: frappe.email.doctype.email_account.email_account.pull for tm
2021-10-21 15:12:12,075 INFO scheduler Scheduled Job Complete: frappe.email.doctype.email_account.email_account.pull for tm
2021-10-21 15:12:12,182 INFO scheduler Scheduled Job Start: frappe.email.queue.flush for tm
2021-10-21 15:12:12,481 INFO scheduler Scheduled Job Complete: frappe.email.queue.flush for tm
2021-10-21 15:13:10,166 DEBUG scheduler Queued events for site tm
2021-10-21 15:14:10,381 DEBUG scheduler Queued events for site tm
2021-10-21 15:15:10,743 DEBUG scheduler Queued events for site tm
2021-10-21 15:15:10,832 INFO scheduler Scheduled Job Start: frappe.twofactor.delete_all_barcodes_for_users for tm
2021-10-21 15:15:11,512 INFO scheduler Scheduled Job Complete: frappe.twofactor.delete_all_barcodes_for_users for tm
2021-10-21 15:15:11,776 INFO scheduler Scheduled Job Start: frappe.website.doctype.web_page.web_page.check_publish_status for tm
2021-10-21 15:15:12,832 INFO scheduler Scheduled Job Complete: frappe.website.doctype.web_page.web_page.check_publish_status for tm
2021-10-21 15:15:13,210 INFO scheduler Scheduled Job Start: frappe.oauth.delete_oauth2_data for tm
2021-10-21 15:15:14,045 INFO scheduler Scheduled Job Complete: frappe.oauth.delete_oauth2_data for tm
2021-10-21 15:16:11,052 DEBUG scheduler Queued events for site tm
2021-10-21 15:16:11,092 INFO scheduler Scheduled Job Start: frappe.monitor.flush for tm
2021-10-21 15:16:11,342 INFO scheduler Scheduled Job Complete: frappe.monitor.flush for tm
2021-10-21 15:16:11,455 INFO scheduler Scheduled Job Start: frappe.utils.global_search.sync_global_search for tm
2021-10-21 15:16:11,691 INFO scheduler Scheduled Job Complete: frappe.utils.global_search.sync_global_search for tm
2021-10-21 15:16:11,802 INFO scheduler Scheduled Job Start: frappe.integrations.doctype.razorpay_settings.razorpay_settings.capture_payment for tm
2021-10-21 15:16:12,193 INFO scheduler Scheduled Job Complete: frappe.integrations.doctype.razorpay_settings.razorpay_settings.capture_payment for tm
2021-10-21 15:16:12,301 INFO scheduler Scheduled Job Start: frappe.email.doctype.email_account.email_account.notify_unreplied for tm
2021-10-21 15:16:12,711 INFO scheduler Scheduled Job Complete: frappe.email.doctype.email_account.email_account.notify_unreplied for tm
2021-10-21 15:16:12,836 INFO scheduler Scheduled Job Start: frappe.email.doctype.email_account.email_account.pull for tm
2021-10-21 15:16:13,209 INFO scheduler Scheduled Job Complete: frappe.email.doctype.email_account.email_account.pull for tm
2021-10-21 15:16:13,315 INFO scheduler Scheduled Job Start: frappe.email.queue.flush for tm
2021-10-21 15:16:13,601 INFO scheduler Scheduled Job Complete: frappe.email.queue.flush for tm
2021-10-21 15:17:11,326 DEBUG scheduler Queued events for site tm
2021-10-21 15:18:11,603 DEBUG scheduler Queued events for site tm
2021-10-21 15:19:11,848 DEBUG scheduler Queued events for site tm
2021-10-21 15:20:12,372 DEBUG scheduler Queued events for site tm
2021-10-21 15:20:12,496 INFO scheduler Scheduled Job Start: frappe.monitor.flush for tm
2021-10-21 15:20:13,077 INFO scheduler Scheduled Job Complete: frappe.monitor.flush for tm
2021-10-21 15:20:13,196 INFO scheduler Scheduled Job Start: frappe.utils.global_search.sync_global_search for tm
2021-10-21 15:20:13,419 INFO scheduler Scheduled Job Complete: frappe.utils.global_search.sync_global_search for tm
2021-10-21 15:20:13,573 INFO scheduler Scheduled Job Start: frappe.integrations.doctype.razorpay_settings.razorpay_settings.capture_payment for tm
2021-10-21 15:20:13,953 INFO scheduler Scheduled Job Complete: frappe.integrations.doctype.razorpay_settings.razorpay_settings.capture_payment for tm
2021-10-21 15:20:14,056 INFO scheduler Scheduled Job Start: frappe.email.doctype.email_account.email_account.notify_unreplied for tm
2021-10-21 15:20:14,341 INFO scheduler Scheduled Job Complete: frappe.email.doctype.email_account.email_account.notify_unreplied for tm
2021-10-21 15:20:14,442 INFO scheduler Scheduled Job Start: frappe.email.doctype.email_account.email_account.pull for tm
2021-10-21 15:20:14,764 INFO scheduler Scheduled Job Complete: frappe.email.doctype.email_account.email_account.pull for tm
2021-10-21 15:20:14,863 INFO scheduler Scheduled Job Start: frappe.email.queue.flush for tm
2021-10-21 15:20:15,084 INFO scheduler Scheduled Job Complete: frappe.email.queue.flush for tm
2021-10-21 15:21:12,613 DEBUG scheduler Queued events for site tm
2021-10-21 15:22:12,832 DEBUG scheduler Queued events for site tm
2021-10-21 15:23:13,057 DEBUG scheduler Queued events for site tm
2021-10-21 15:24:13,668 DEBUG scheduler Queued events for site tm
2021-10-21 15:24:13,787 INFO scheduler Scheduled Job Start: frappe.monitor.flush for tm
2021-10-21 15:24:14,300 INFO scheduler Scheduled Job Complete: frappe.monitor.flush for tm
2021-10-21 15:24:14,455 INFO scheduler Scheduled Job Start: frappe.utils.global_search.sync_global_search for tm
2021-10-21 15:24:14,754 INFO scheduler Scheduled Job Complete: frappe.utils.global_search.sync_global_search for tm
2021-10-21 15:24:14,903 INFO scheduler Scheduled Job Start: frappe.integrations.doctype.razorpay_settings.razorpay_settings.capture_payment for tm
2021-10-21 15:24:15,570 INFO scheduler Scheduled Job Complete: frappe.integrations.doctype.razorpay_settings.razorpay_settings.capture_payment for tm
2021-10-21 15:24:15,716 INFO scheduler Scheduled Job Start: frappe.email.doctype.email_account.email_account.notify_unreplied for tm
2021-10-21 15:24:16,060 INFO scheduler Scheduled Job Complete: frappe.email.doctype.email_account.email_account.notify_unreplied for tm
2021-10-21 15:24:16,168 INFO scheduler Scheduled Job Start: frappe.email.doctype.email_account.email_account.pull for tm
2021-10-21 15:24:16,474 INFO scheduler Scheduled Job Complete: frappe.email.doctype.email_account.email_account.pull for tm
2021-10-21 15:24:16,582 INFO scheduler Scheduled Job Start: frappe.email.queue.flush for tm
2021-10-21 15:24:16,837 INFO scheduler Scheduled Job Complete: frappe.email.queue.flush for tm
