2021-10-20 14:00:39,365 DEBUG scheduler Queued events for site tm
2021-10-20 14:00:40,201 INFO scheduler Scheduled Job Start: frappe.integrations.doctype.google_calendar.google_calendar.sync for tm
2021-10-20 14:00:40,896 INFO scheduler Scheduled Job Complete: frappe.integrations.doctype.google_calendar.google_calendar.sync for tm
2021-10-20 14:00:41,158 INFO scheduler Scheduled Job Start: frappe.desk.form.document_follow.send_hourly_updates for tm
2021-10-20 14:00:41,768 INFO scheduler Scheduled Job Complete: frappe.desk.form.document_follow.send_hourly_updates for tm
2021-10-20 14:00:42,019 INFO scheduler Scheduled Job Start: frappe.deferred_insert.save_to_db for tm
2021-10-20 14:00:44,030 INFO scheduler Scheduled Job Complete: frappe.deferred_insert.save_to_db for tm
2021-10-20 14:00:44,406 INFO scheduler Scheduled Job Start: frappe.desk.page.backups.backups.delete_downloadable_backups for tm
2021-10-20 14:00:44,866 INFO scheduler Scheduled Job Complete: frappe.desk.page.backups.backups.delete_downloadable_backups for tm
2021-10-20 14:00:45,081 INFO scheduler Scheduled Job Start: frappe.utils.error.collect_error_snapshots for tm
2021-10-20 14:00:45,515 INFO scheduler Scheduled Job Complete: frappe.utils.error.collect_error_snapshots for tm
2021-10-20 14:00:45,747 INFO scheduler Scheduled Job Start: frappe.model.utils.user_settings.sync_user_settings for tm
2021-10-20 14:00:46,485 INFO scheduler Scheduled Job Complete: frappe.model.utils.user_settings.sync_user_settings for tm
2021-10-20 14:00:47,100 INFO scheduler Scheduled Job Start: frappe.model.utils.link_count.update_link_count for tm
2021-10-20 14:00:47,848 INFO scheduler Scheduled Job Complete: frappe.model.utils.link_count.update_link_count for tm
2021-10-20 14:00:48,116 INFO scheduler Scheduled Job Start: frappe.monitor.flush for tm
2021-10-20 14:00:48,556 INFO scheduler Scheduled Job Complete: frappe.monitor.flush for tm
2021-10-20 14:00:48,666 INFO scheduler Scheduled Job Start: frappe.utils.global_search.sync_global_search for tm
2021-10-20 14:00:49,022 INFO scheduler Scheduled Job Complete: frappe.utils.global_search.sync_global_search for tm
2021-10-20 14:00:49,132 INFO scheduler Scheduled Job Start: frappe.integrations.doctype.razorpay_settings.razorpay_settings.capture_payment for tm
2021-10-20 14:00:49,778 INFO scheduler Scheduled Job Complete: frappe.integrations.doctype.razorpay_settings.razorpay_settings.capture_payment for tm
2021-10-20 14:00:49,885 INFO scheduler Scheduled Job Start: frappe.email.doctype.email_account.email_account.notify_unreplied for tm
2021-10-20 14:00:50,528 INFO scheduler Scheduled Job Complete: frappe.email.doctype.email_account.email_account.notify_unreplied for tm
2021-10-20 14:00:51,374 INFO scheduler Scheduled Job Start: frappe.email.doctype.email_account.email_account.pull for tm
2021-10-20 14:00:52,472 INFO scheduler Scheduled Job Complete: frappe.email.doctype.email_account.email_account.pull for tm
2021-10-20 14:00:52,583 INFO scheduler Scheduled Job Start: frappe.email.queue.flush for tm
2021-10-20 14:00:52,943 INFO scheduler Scheduled Job Complete: frappe.email.queue.flush for tm
2021-10-20 14:00:53,078 INFO scheduler Scheduled Job Start: frappe.twofactor.delete_all_barcodes_for_users for tm
2021-10-20 14:00:53,967 INFO scheduler Scheduled Job Complete: frappe.twofactor.delete_all_barcodes_for_users for tm
2021-10-20 14:00:54,306 INFO scheduler Scheduled Job Start: frappe.website.doctype.web_page.web_page.check_publish_status for tm
2021-10-20 14:00:54,883 INFO scheduler Scheduled Job Complete: frappe.website.doctype.web_page.web_page.check_publish_status for tm
2021-10-20 14:00:55,126 INFO scheduler Scheduled Job Start: frappe.oauth.delete_oauth2_data for tm
2021-10-20 14:00:55,667 INFO scheduler Scheduled Job Complete: frappe.oauth.delete_oauth2_data for tm
2021-10-20 14:01:39,600 DEBUG scheduler Queued events for site tm
2021-10-20 14:02:39,899 DEBUG scheduler Queued events for site tm
2021-10-20 14:03:40,130 DEBUG scheduler Queued events for site tm
2021-10-20 14:04:40,410 DEBUG scheduler Queued events for site tm
2021-10-20 14:04:40,472 INFO scheduler Scheduled Job Start: frappe.monitor.flush for tm
2021-10-20 14:04:40,871 INFO scheduler Scheduled Job Complete: frappe.monitor.flush for tm
2021-10-20 14:04:40,975 INFO scheduler Scheduled Job Start: frappe.utils.global_search.sync_global_search for tm
2021-10-20 14:04:41,425 INFO scheduler Scheduled Job Complete: frappe.utils.global_search.sync_global_search for tm
2021-10-20 14:04:41,520 INFO scheduler Scheduled Job Start: frappe.integrations.doctype.razorpay_settings.razorpay_settings.capture_payment for tm
2021-10-20 14:04:42,170 INFO scheduler Scheduled Job Complete: frappe.integrations.doctype.razorpay_settings.razorpay_settings.capture_payment for tm
2021-10-20 14:04:42,294 INFO scheduler Scheduled Job Start: frappe.email.doctype.email_account.email_account.notify_unreplied for tm
2021-10-20 14:04:42,845 INFO scheduler Scheduled Job Complete: frappe.email.doctype.email_account.email_account.notify_unreplied for tm
2021-10-20 14:04:42,953 INFO scheduler Scheduled Job Start: frappe.email.doctype.email_account.email_account.pull for tm
2021-10-20 14:04:43,381 INFO scheduler Scheduled Job Complete: frappe.email.doctype.email_account.email_account.pull for tm
2021-10-20 14:04:43,487 INFO scheduler Scheduled Job Start: frappe.email.queue.flush for tm
2021-10-20 14:04:43,923 INFO scheduler Scheduled Job Complete: frappe.email.queue.flush for tm
2021-10-20 14:05:40,707 DEBUG scheduler Queued events for site tm
2021-10-20 14:06:40,957 DEBUG scheduler Queued events for site tm
2021-10-20 14:07:41,255 DEBUG scheduler Queued events for site tm
2021-10-20 14:08:41,560 DEBUG scheduler Queued events for site tm
2021-10-20 14:08:41,605 INFO scheduler Scheduled Job Start: frappe.monitor.flush for tm
2021-10-20 14:08:41,963 INFO scheduler Scheduled Job Complete: frappe.monitor.flush for tm
2021-10-20 14:08:42,074 INFO scheduler Scheduled Job Start: frappe.utils.global_search.sync_global_search for tm
2021-10-20 14:08:42,428 INFO scheduler Scheduled Job Complete: frappe.utils.global_search.sync_global_search for tm
2021-10-20 14:08:42,533 INFO scheduler Scheduled Job Start: frappe.integrations.doctype.razorpay_settings.razorpay_settings.capture_payment for tm
2021-10-20 14:08:43,124 INFO scheduler Scheduled Job Complete: frappe.integrations.doctype.razorpay_settings.razorpay_settings.capture_payment for tm
2021-10-20 14:08:43,232 INFO scheduler Scheduled Job Start: frappe.email.doctype.email_account.email_account.notify_unreplied for tm
2021-10-20 14:08:43,640 INFO scheduler Scheduled Job Complete: frappe.email.doctype.email_account.email_account.notify_unreplied for tm
2021-10-20 14:08:43,779 INFO scheduler Scheduled Job Start: frappe.email.doctype.email_account.email_account.pull for tm
2021-10-20 14:08:44,190 INFO scheduler Scheduled Job Complete: frappe.email.doctype.email_account.email_account.pull for tm
2021-10-20 14:08:44,300 INFO scheduler Scheduled Job Start: frappe.email.queue.flush for tm
2021-10-20 14:08:44,830 INFO scheduler Scheduled Job Complete: frappe.email.queue.flush for tm
2021-10-20 14:09:41,821 DEBUG scheduler Queued events for site tm
2021-10-20 14:10:42,042 DEBUG scheduler Queued events for site tm
2021-10-20 14:11:42,277 DEBUG scheduler Queued events for site tm
2021-10-20 14:12:42,595 DEBUG scheduler Queued events for site tm
2021-10-20 14:12:42,639 INFO scheduler Scheduled Job Start: frappe.monitor.flush for tm
2021-10-20 14:12:43,003 INFO scheduler Scheduled Job Complete: frappe.monitor.flush for tm
2021-10-20 14:12:43,114 INFO scheduler Scheduled Job Start: frappe.utils.global_search.sync_global_search for tm
2021-10-20 14:12:43,524 INFO scheduler Scheduled Job Complete: frappe.utils.global_search.sync_global_search for tm
2021-10-20 14:12:43,637 INFO scheduler Scheduled Job Start: frappe.integrations.doctype.razorpay_settings.razorpay_settings.capture_payment for tm
2021-10-20 14:12:44,285 INFO scheduler Scheduled Job Complete: frappe.integrations.doctype.razorpay_settings.razorpay_settings.capture_payment for tm
2021-10-20 14:12:44,398 INFO scheduler Scheduled Job Start: frappe.email.doctype.email_account.email_account.notify_unreplied for tm
2021-10-20 14:12:44,967 INFO scheduler Scheduled Job Complete: frappe.email.doctype.email_account.email_account.notify_unreplied for tm
2021-10-20 14:12:45,114 INFO scheduler Scheduled Job Start: frappe.email.doctype.email_account.email_account.pull for tm
2021-10-20 14:12:45,553 INFO scheduler Scheduled Job Complete: frappe.email.doctype.email_account.email_account.pull for tm
2021-10-20 14:12:45,666 INFO scheduler Scheduled Job Start: frappe.email.queue.flush for tm
2021-10-20 14:12:46,202 INFO scheduler Scheduled Job Complete: frappe.email.queue.flush for tm
2021-10-20 14:13:42,850 DEBUG scheduler Queued events for site tm
2021-10-20 14:14:43,077 DEBUG scheduler Queued events for site tm
2021-10-20 14:15:43,438 DEBUG scheduler Queued events for site tm
2021-10-20 14:15:43,543 INFO scheduler Scheduled Job Start: frappe.twofactor.delete_all_barcodes_for_users for tm
2021-10-20 14:15:44,803 INFO scheduler Scheduled Job Complete: frappe.twofactor.delete_all_barcodes_for_users for tm
2021-10-20 14:15:45,314 INFO scheduler Scheduled Job Start: frappe.website.doctype.web_page.web_page.check_publish_status for tm
2021-10-20 14:15:47,273 INFO scheduler Scheduled Job Complete: frappe.website.doctype.web_page.web_page.check_publish_status for tm
2021-10-20 14:15:47,780 INFO scheduler Scheduled Job Start: frappe.oauth.delete_oauth2_data for tm
2021-10-20 14:15:49,999 INFO scheduler Scheduled Job Complete: frappe.oauth.delete_oauth2_data for tm
2021-10-20 14:16:43,793 DEBUG scheduler Queued events for site tm
2021-10-20 14:16:43,857 INFO scheduler Scheduled Job Start: frappe.monitor.flush for tm
2021-10-20 14:16:45,037 INFO scheduler Scheduled Job Complete: frappe.monitor.flush for tm
2021-10-20 14:16:45,144 INFO scheduler Scheduled Job Start: frappe.utils.global_search.sync_global_search for tm
2021-10-20 14:16:45,680 INFO scheduler Scheduled Job Complete: frappe.utils.global_search.sync_global_search for tm
2021-10-20 14:16:45,806 INFO scheduler Scheduled Job Start: frappe.integrations.doctype.razorpay_settings.razorpay_settings.capture_payment for tm
2021-10-20 14:16:47,000 INFO scheduler Scheduled Job Complete: frappe.integrations.doctype.razorpay_settings.razorpay_settings.capture_payment for tm
2021-10-20 14:16:47,120 INFO scheduler Scheduled Job Start: frappe.email.doctype.email_account.email_account.notify_unreplied for tm
2021-10-20 14:16:48,430 INFO scheduler Scheduled Job Complete: frappe.email.doctype.email_account.email_account.notify_unreplied for tm
2021-10-20 14:16:48,557 INFO scheduler Scheduled Job Start: frappe.email.doctype.email_account.email_account.pull for tm
2021-10-20 14:16:49,191 INFO scheduler Scheduled Job Complete: frappe.email.doctype.email_account.email_account.pull for tm
2021-10-20 14:16:49,346 INFO scheduler Scheduled Job Start: frappe.email.queue.flush for tm
2021-10-20 14:16:49,893 INFO scheduler Scheduled Job Complete: frappe.email.queue.flush for tm
2021-10-20 14:17:44,597 DEBUG scheduler Queued events for site tm
2021-10-20 14:18:44,866 DEBUG scheduler Queued events for site tm
2021-10-20 14:19:45,106 DEBUG scheduler Queued events for site tm
2021-10-20 14:20:45,429 DEBUG scheduler Queued events for site tm
2021-10-20 14:20:45,474 INFO scheduler Scheduled Job Start: frappe.monitor.flush for tm
2021-10-20 14:20:45,851 INFO scheduler Scheduled Job Complete: frappe.monitor.flush for tm
2021-10-20 14:20:45,958 INFO scheduler Scheduled Job Start: frappe.utils.global_search.sync_global_search for tm
2021-10-20 14:20:46,317 INFO scheduler Scheduled Job Complete: frappe.utils.global_search.sync_global_search for tm
2021-10-20 14:20:46,576 INFO scheduler Scheduled Job Start: frappe.integrations.doctype.razorpay_settings.razorpay_settings.capture_payment for tm
2021-10-20 14:20:47,134 INFO scheduler Scheduled Job Complete: frappe.integrations.doctype.razorpay_settings.razorpay_settings.capture_payment for tm
2021-10-20 14:20:47,250 INFO scheduler Scheduled Job Start: frappe.email.doctype.email_account.email_account.notify_unreplied for tm
2021-10-20 14:20:48,189 INFO scheduler Scheduled Job Complete: frappe.email.doctype.email_account.email_account.notify_unreplied for tm
2021-10-20 14:20:48,294 INFO scheduler Scheduled Job Start: frappe.email.doctype.email_account.email_account.pull for tm
2021-10-20 14:20:48,985 INFO scheduler Scheduled Job Complete: frappe.email.doctype.email_account.email_account.pull for tm
2021-10-20 14:20:49,100 INFO scheduler Scheduled Job Start: frappe.email.queue.flush for tm
2021-10-20 14:20:49,442 INFO scheduler Scheduled Job Complete: frappe.email.queue.flush for tm
2021-10-20 14:21:46,245 DEBUG scheduler Queued events for site tm
2021-10-20 14:22:46,505 DEBUG scheduler Queued events for site tm
2021-10-20 14:23:46,723 DEBUG scheduler Queued events for site tm
2021-10-20 14:24:47,056 DEBUG scheduler Queued events for site tm
2021-10-20 14:24:47,101 INFO scheduler Scheduled Job Start: frappe.monitor.flush for tm
2021-10-20 14:24:47,835 INFO scheduler Scheduled Job Complete: frappe.monitor.flush for tm
2021-10-20 14:24:47,953 INFO scheduler Scheduled Job Start: frappe.utils.global_search.sync_global_search for tm
2021-10-20 14:24:48,856 INFO scheduler Scheduled Job Complete: frappe.utils.global_search.sync_global_search for tm
2021-10-20 14:24:48,958 INFO scheduler Scheduled Job Start: frappe.integrations.doctype.razorpay_settings.razorpay_settings.capture_payment for tm
2021-10-20 14:24:49,992 INFO scheduler Scheduled Job Complete: frappe.integrations.doctype.razorpay_settings.razorpay_settings.capture_payment for tm
2021-10-20 14:24:50,098 INFO scheduler Scheduled Job Start: frappe.email.doctype.email_account.email_account.notify_unreplied for tm
2021-10-20 14:24:50,679 INFO scheduler Scheduled Job Complete: frappe.email.doctype.email_account.email_account.notify_unreplied for tm
2021-10-20 14:24:50,779 INFO scheduler Scheduled Job Start: frappe.email.doctype.email_account.email_account.pull for tm
2021-10-20 14:24:51,130 INFO scheduler Scheduled Job Complete: frappe.email.doctype.email_account.email_account.pull for tm
2021-10-20 14:24:51,243 INFO scheduler Scheduled Job Start: frappe.email.queue.flush for tm
2021-10-20 14:24:52,089 INFO scheduler Scheduled Job Complete: frappe.email.queue.flush for tm
2021-10-20 14:25:47,347 DEBUG scheduler Queued events for site tm
